/*C2*/SET SCHEMA PUBLIC
INSERT INTO BASE_NODE VALUES('EventNode','DT2014102118310546213','EventNode',NULL,NULL,NULL,NULL,1,NULL,NULL,NULL,NULL,NULL,NULL,NULL,NULL,NULL,NULL,'2','WEBTEST',NULL,NULL,'Test-EventNode',NULL,NULL,NULL,NULL,NULL,NULL,NULL,NULL,20,NULL,'UNKNOWN',1,'2014-10-21 18:31:05.462000','2014-10-21 18:31:05.462000','D594FDFD2405DF0451234D722C3575B3','UNKNOWN',0,NULL,NULL,NULL,NULL,NULL,NULL,'MasterplanMasternode1',1)
COMMIT
DELETE FROM BASE_NODE WHERE SYSUID='DT2014102118310546213'
INSERT INTO BASE_NODE VALUES('EventNode','DT2014102118310546213','EventNode',NULL,NULL,NULL,NULL,1,NULL,NULL,NULL,NULL,NULL,NULL,NULL,NULL,NULL,NULL,'2','WEBTEST',NULL,NULL,'Test-EventNode',NULL,NULL,NULL,NULL,NULL,NULL,NULL,NULL,20,NULL,'UNKNOWN',2,'2014-10-21 18:31:05.523000','2014-10-21 18:31:05.462000','1EDA9151628DEDDD7729E182B6A66C16','UNKNOWN',1,NULL,NULL,NULL,NULL,NULL,NULL,'MasterplanMasternode1',1)
COMMIT
DELETE FROM BASE_NODE WHERE SYSUID='DT2014102118310546213'
INSERT INTO BASE_NODE VALUES('EventNode','DT2014102118310546213','EventNode',NULL,NULL,NULL,NULL,1,NULL,NULL,NULL,NULL,NULL,NULL,NULL,NULL,NULL,NULL,'2','WEBTEST',NULL,NULL,'Test-EventNode-updated',NULL,NULL,NULL,NULL,NULL,NULL,NULL,NULL,20,NULL,'UNKNOWN',3,'2014-10-21 18:31:05.707000','2014-10-21 18:31:05.462000','0E596ECC87E4515C005C8284F5D5B057','UNKNOWN',2,NULL,NULL,NULL,NULL,NULL,NULL,'MasterplanMasternode1',1)
COMMIT
DELETE FROM BASE_NODE WHERE SYSUID='DT2014102118310546213'
COMMIT
INSERT INTO BASE_NODE VALUES('InfoNode','DT2014102118310588814','InfoNode',NULL,NULL,NULL,NULL,1,NULL,NULL,NULL,NULL,NULL,NULL,NULL,NULL,NULL,NULL,'3','WEBTEST',NULL,NULL,'Test-InfoNode',NULL,NULL,NULL,NULL,NULL,NULL,NULL,NULL,20,NULL,NULL,1,'2014-10-21 18:31:05.888000','2014-10-21 18:31:05.888000','19B686DEDA537AAD81555E9F4DE0E27E',NULL,0,NULL,NULL,NULL,NULL,NULL,NULL,'MasterplanMasternode1',0)
COMMIT
DELETE FROM BASE_NODE WHERE SYSUID='DT2014102118310588814'
INSERT INTO BASE_NODE VALUES('InfoNode','DT2014102118310588814','InfoNode',NULL,NULL,NULL,NULL,1,NULL,NULL,NULL,NULL,NULL,NULL,NULL,NULL,NULL,NULL,'3','WEBTEST',NULL,NULL,'Test-InfoNode-updated',NULL,NULL,NULL,NULL,NULL,NULL,NULL,NULL,20,NULL,NULL,2,'2014-10-21 18:31:05.969000','2014-10-21 18:31:05.888000','5072BD6DC0EB8D737A116A895299AFDF',NULL,1,NULL,NULL,NULL,NULL,NULL,NULL,'MasterplanMasternode1',0)
COMMIT
DELETE FROM BASE_NODE WHERE SYSUID='DT2014102118310588814'
COMMIT
INSERT INTO BASE_NODE VALUES('SymLinkNode','DT2014102118310628615','SymLinkNode',NULL,NULL,NULL,NULL,1,NULL,NULL,NULL,NULL,NULL,NULL,NULL,NULL,NULL,NULL,'4','WEBTEST',NULL,NULL,'Test-SymLinkNode',NULL,NULL,NULL,NULL,NULL,NULL,NULL,NULL,20,NULL,NULL,1,'2014-10-21 18:31:06.286000','2014-10-21 18:31:06.286000','C5CEC09E462804C715BB2ACC5CA2FC71',NULL,0,NULL,NULL,NULL,NULL,NULL,NULL,'MasterplanMasternode1',0)
COMMIT
DELETE FROM BASE_NODE WHERE SYSUID='DT2014102118310628615'
INSERT INTO BASE_NODE VALUES('SymLinkNode','DT2014102118310628615','SymLinkNode',NULL,NULL,NULL,NULL,1,NULL,NULL,NULL,NULL,NULL,NULL,NULL,NULL,NULL,NULL,'4','WEBTEST',NULL,NULL,'Test-SymLinkNode-updated',NULL,NULL,NULL,NULL,NULL,NULL,NULL,NULL,20,NULL,NULL,2,'2014-10-21 18:31:06.371000','2014-10-21 18:31:06.286000','8AEF05789CA2BB27DE70648EDD25F65B',NULL,1,NULL,NULL,NULL,NULL,NULL,NULL,'MasterplanMasternode1',0)
COMMIT
DELETE FROM BASE_NODE WHERE SYSUID='DT2014102118310628615'
COMMIT
INSERT INTO BASE_NODE VALUES('TaskNode','DT2014102118310655116','TaskNode',NULL,NULL,NULL,NULL,1,NULL,NULL,NULL,NULL,NULL,NULL,NULL,NULL,NULL,NULL,'5','WEBTEST',NULL,NULL,'Test-TaskNode',NULL,NULL,NULL,NULL,NULL,NULL,NULL,NULL,20,NULL,'UNKNOWN',1,'2014-10-21 18:31:06.551000','2014-10-21 18:31:06.551000','CEB0AEEAA1A026B377072B4C6785C2EC','UNKNOWN',0,NULL,NULL,NULL,NULL,NULL,NULL,'MasterplanMasternode1',1)
COMMIT
DELETE FROM BASE_NODE WHERE SYSUID='DT2014102118310655116'
INSERT INTO BASE_NODE VALUES('TaskNode','DT2014102118310655116','TaskNode',NULL,NULL,NULL,NULL,1,NULL,NULL,NULL,NULL,NULL,NULL,NULL,NULL,NULL,NULL,'5','WEBTEST',NULL,NULL,'Test-TaskNode',NULL,NULL,NULL,NULL,NULL,NULL,NULL,NULL,20,NULL,'UNKNOWN',2,'2014-10-21 18:31:06.557000','2014-10-21 18:31:06.551000','EF49608D4010FD46ABE8FCB1F958246C','UNKNOWN',1,NULL,NULL,NULL,NULL,NULL,NULL,'MasterplanMasternode1',1)
COMMIT
DELETE FROM BASE_NODE WHERE SYSUID='DT2014102118310655116'
INSERT INTO BASE_NODE VALUES('TaskNode','DT2014102118310655116','TaskNode',NULL,NULL,NULL,NULL,1,NULL,NULL,NULL,NULL,NULL,NULL,NULL,NULL,NULL,NULL,'5','WEBTEST',NULL,NULL,'Test-TaskNode-updated',NULL,NULL,NULL,NULL,NULL,NULL,NULL,NULL,20,NULL,'UNKNOWN',3,'2014-10-21 18:31:06.634000','2014-10-21 18:31:06.551000','E59FE0FC5D22216B79BE669849C04F0E','UNKNOWN',2,NULL,NULL,NULL,NULL,NULL,NULL,'MasterplanMasternode1',1)
COMMIT
DELETE FROM BASE_NODE WHERE SYSUID='DT2014102118310655116'
COMMIT
INSERT INTO BASE_NODE VALUES('UrlResNode','DT2014102118310681417','UrlResNode',NULL,NULL,NULL,NULL,1,NULL,NULL,NULL,NULL,NULL,NULL,NULL,NULL,NULL,NULL,'6','WEBTEST',NULL,NULL,'Test-UrlResNode',NULL,NULL,NULL,NULL,NULL,NULL,NULL,NULL,20,NULL,NULL,1,'2014-10-21 18:31:06.815000','2014-10-21 18:31:06.815000','FBCB243ADFCD06D73869B658B09B5AF0',NULL,0,NULL,NULL,NULL,NULL,NULL,NULL,'MasterplanMasternode1',0)
COMMIT
DELETE FROM BASE_NODE WHERE SYSUID='DT2014102118310681417'
INSERT INTO BASE_NODE VALUES('UrlResNode','DT2014102118310681417','UrlResNode',NULL,NULL,NULL,NULL,1,NULL,NULL,NULL,NULL,NULL,NULL,NULL,NULL,NULL,NULL,'6','WEBTEST',NULL,NULL,'Test-UrlResNode-updated',NULL,NULL,NULL,NULL,NULL,NULL,NULL,NULL,20,NULL,NULL,2,'2014-10-21 18:31:06.900000','2014-10-21 18:31:06.815000','2039CC81FCCDFC4E33BDD648486147EF',NULL,1,NULL,NULL,NULL,NULL,NULL,NULL,'MasterplanMasternode1',0)
COMMIT
DELETE FROM BASE_NODE WHERE SYSUID='DT2014102118310681417'
COMMIT
INSERT INTO BASE_NODE VALUES('InfoNode','DT2014102118310709918','InfoNode',NULL,NULL,NULL,NULL,1,NULL,NULL,NULL,NULL,NULL,NULL,NULL,NULL,NULL,NULL,'7','WEBTEST',NULL,NULL,'Test-InfoNode',NULL,NULL,NULL,NULL,NULL,NULL,NULL,NULL,20,NULL,NULL,1,'2014-10-21 18:31:07.099000','2014-10-21 18:31:07.099000','6D432B87F138A193AC933252AB9FEA23',NULL,0,NULL,NULL,NULL,NULL,NULL,NULL,'MasterplanMasternode1',0)
COMMIT
DELETE FROM BASE_NODE WHERE SYSUID='DT2014102118310709918'
INSERT INTO BASE_NODE VALUES('InfoNode','DT2014102118310709918','InfoNode',NULL,NULL,NULL,NULL,1,NULL,NULL,NULL,NULL,NULL,NULL,NULL,NULL,NULL,NULL,'7','WEBTEST',NULL,NULL,'Test-InfoNode-updated',NULL,NULL,NULL,NULL,NULL,NULL,NULL,NULL,20,NULL,NULL,2,'2014-10-21 18:31:07.162000','2014-10-21 18:31:07.099000','16DCAEB16D51BFA683FF6153F029721C',NULL,1,NULL,NULL,NULL,NULL,NULL,NULL,'MasterplanMasternode1',0)
COMMIT
DELETE FROM BASE_NODE WHERE SYSUID='DT2014102118310709918'
COMMIT
INSERT INTO BASE_NODE VALUES('TaskNode','DT2014102118310727519','TaskNode',NULL,NULL,NULL,NULL,1,NULL,NULL,NULL,NULL,NULL,NULL,NULL,NULL,NULL,NULL,'8','WEBTEST',NULL,NULL,'Test-TaskNode',NULL,NULL,NULL,NULL,NULL,NULL,NULL,NULL,20,NULL,'UNKNOWN',1,'2014-10-21 18:31:07.275000','2014-10-21 18:31:07.275000','92D304BCE5082D267E48FAC95E9AB439','UNKNOWN',0,NULL,NULL,NULL,NULL,NULL,NULL,'MasterplanMasternode1',1)
COMMIT
DELETE FROM BASE_NODE WHERE SYSUID='DT2014102118310727519'
INSERT INTO BASE_NODE VALUES('TaskNode','DT2014102118310727519','TaskNode',NULL,NULL,NULL,NULL,1,NULL,NULL,NULL,NULL,NULL,NULL,NULL,NULL,NULL,NULL,'8','WEBTEST',NULL,NULL,'Test-TaskNode',NULL,NULL,NULL,NULL,NULL,NULL,NULL,NULL,20,NULL,'UNKNOWN',2,'2014-10-21 18:31:07.280000','2014-10-21 18:31:07.275000','102E97C3E81CD9C00A8F9189076E5C08','UNKNOWN',1,NULL,NULL,NULL,NULL,NULL,NULL,'MasterplanMasternode1',1)
COMMIT
DELETE FROM BASE_NODE WHERE SYSUID='DT2014102118310727519'
INSERT INTO BASE_NODE VALUES('TaskNode','DT2014102118310727519','TaskNode',NULL,NULL,NULL,NULL,1,NULL,NULL,NULL,NULL,NULL,NULL,NULL,NULL,NULL,NULL,'8','WEBTEST',NULL,NULL,'Test-TaskNode-updated',NULL,NULL,NULL,NULL,NULL,NULL,NULL,NULL,20,NULL,'UNKNOWN',3,'2014-10-21 18:31:07.338000','2014-10-21 18:31:07.275000','BDCBCD9C81621F39D39FA9D4B3DD5060','UNKNOWN',2,NULL,NULL,NULL,NULL,NULL,NULL,'MasterplanMasternode1',1)
COMMIT
DELETE FROM BASE_NODE WHERE SYSUID='DT2014102118310727519'
COMMIT
INSERT INTO BASE_NODE VALUES('EventNode','DT2014102118310746220','EventNode',NULL,NULL,NULL,NULL,1,NULL,NULL,NULL,NULL,NULL,NULL,NULL,NULL,NULL,NULL,'9','WEBTEST',NULL,NULL,'Test-EventNode',NULL,NULL,NULL,NULL,NULL,NULL,NULL,NULL,20,NULL,'UNKNOWN',1,'2014-10-21 18:31:07.462000','2014-10-21 18:31:07.462000','3865AF669DD6ED5BA8418E052F948B9D','UNKNOWN',0,NULL,NULL,NULL,NULL,NULL,NULL,'MasterplanMasternode1',1)
COMMIT
DELETE FROM BASE_NODE WHERE SYSUID='DT2014102118310746220'
INSERT INTO BASE_NODE VALUES('EventNode','DT2014102118310746220','EventNode',NULL,NULL,NULL,NULL,1,NULL,NULL,NULL,NULL,NULL,NULL,NULL,NULL,NULL,NULL,'9','WEBTEST',NULL,NULL,'Test-EventNode',NULL,NULL,NULL,NULL,NULL,NULL,NULL,NULL,20,NULL,'UNKNOWN',2,'2014-10-21 18:31:07.467000','2014-10-21 18:31:07.462000','D5C201EF72E376BF22CA04808D73960B','UNKNOWN',1,NULL,NULL,NULL,NULL,NULL,NULL,'MasterplanMasternode1',1)
COMMIT
DELETE FROM BASE_NODE WHERE SYSUID='DT2014102118310746220'
INSERT INTO BASE_NODE VALUES('EventNode','DT2014102118310746220','EventNode',NULL,NULL,NULL,NULL,1,NULL,NULL,NULL,NULL,NULL,NULL,NULL,NULL,NULL,NULL,'9','WEBTEST',NULL,NULL,'Test-EventNode-updated',NULL,NULL,NULL,NULL,NULL,NULL,NULL,NULL,20,NULL,'UNKNOWN',3,'2014-10-21 18:31:07.535000','2014-10-21 18:31:07.462000','6BDC3250C5404952C76D6DF71B810EB6','UNKNOWN',2,NULL,NULL,NULL,NULL,NULL,NULL,'MasterplanMasternode1',1)
COMMIT
DELETE FROM BASE_NODE WHERE SYSUID='DT2014102118310746220'
COMMIT
INSERT INTO BASE_NODE VALUES('UrlResNode','DT2014102118310765621','UrlResNode',NULL,NULL,NULL,NULL,1,NULL,NULL,NULL,NULL,NULL,NULL,NULL,NULL,NULL,NULL,'10','WEBTEST',NULL,NULL,'Test-UrlResNode',NULL,NULL,NULL,NULL,NULL,NULL,NULL,NULL,20,NULL,NULL,1,'2014-10-21 18:31:07.656000','2014-10-21 18:31:07.656000','01D116E6C2CC48B4C87C27BD728E2663',NULL,0,NULL,NULL,NULL,NULL,NULL,NULL,'MasterplanMasternode1',0)
COMMIT
DELETE FROM BASE_NODE WHERE SYSUID='DT2014102118310765621'
INSERT INTO BASE_NODE VALUES('UrlResNode','DT2014102118310765621','UrlResNode',NULL,NULL,NULL,NULL,1,NULL,NULL,NULL,NULL,NULL,NULL,NULL,NULL,NULL,NULL,'10','WEBTEST',NULL,NULL,'Test-UrlResNode-updated',NULL,NULL,NULL,NULL,NULL,NULL,NULL,NULL,20,NULL,NULL,2,'2014-10-21 18:31:07.724000','2014-10-21 18:31:07.656000','FE0B774172433959199AB0E85E0E28E7',NULL,1,NULL,NULL,NULL,NULL,NULL,NULL,'MasterplanMasternode1',0)
COMMIT
DELETE FROM BASE_NODE WHERE SYSUID='DT2014102118310765621'
COMMIT
INSERT INTO BASE_NODE VALUES('SymLinkNode','DT2014102118310783722','SymLinkNode',NULL,NULL,NULL,NULL,1,NULL,NULL,NULL,NULL,NULL,NULL,NULL,NULL,NULL,NULL,'11','WEBTEST',NULL,NULL,'Test-SymLinkNode',NULL,NULL,NULL,NULL,NULL,NULL,NULL,NULL,20,NULL,NULL,1,'2014-10-21 18:31:07.837000','2014-10-21 18:31:07.837000','7D51BE0E0B2BDE63A5BAD89272A91474',NULL,0,NULL,NULL,NULL,NULL,NULL,NULL,'MasterplanMasternode1',0)
COMMIT
DELETE FROM BASE_NODE WHERE SYSUID='DT2014102118310783722'
INSERT INTO BASE_NODE VALUES('SymLinkNode','DT2014102118310783722','SymLinkNode',NULL,NULL,NULL,NULL,1,NULL,NULL,NULL,NULL,NULL,NULL,NULL,NULL,NULL,NULL,'11','WEBTEST',NULL,NULL,'Test-SymLinkNode-updated',NULL,NULL,NULL,NULL,NULL,NULL,NULL,NULL,20,NULL,NULL,2,'2014-10-21 18:31:07.896000','2014-10-21 18:31:07.837000','E3B3DCF0A40D35D15028C1687972D293',NULL,1,NULL,NULL,NULL,NULL,NULL,NULL,'MasterplanMasternode1',0)
COMMIT
DELETE FROM BASE_NODE WHERE SYSUID='DT2014102118310783722'
COMMIT
